<?xml version="1.0" encoding="utf-8"?><testsuites name="pytest tests"><testsuite name="pytest" errors="0" failures="0" skipped="0" tests="13" time="3.323" timestamp="2026-02-26T23:18:01.609522+00:00" hostname="agent-env-ea68f827-4e2e-4146-bab1-f1ef6444e5a6"><testcase classname="backend.tests.test_teachers.TestTeachersAPIBasic" name="test_api_root" time="0.309" /><testcase classname="backend.tests.test_teachers.TestTeachersAPIBasic" name="test_get_all_teachers" time="0.114" /><testcase classname="backend.tests.test_teachers.TestTeachersAPIBasic" name="test_get_active_teachers" time="0.115" /><testcase classname="backend.tests.test_teachers.TestTeachersAPICreate" name="test_create_teacher_success" time="0.166" /><testcase classname="backend.tests.test_teachers.TestTeachersAPICreate" name="test_create_teacher_minimal_data" time="0.147" /><testcase classname="backend.tests.test_teachers.TestTeachersAPICreate" name="test_create_teacher_verify_persistence" time="0.230" /><testcase classname="backend.tests.test_teachers.TestTeachersAPIUpdate" name="test_update_teacher" time="0.369" /><testcase classname="backend.tests.test_teachers.TestTeachersAPIUpdate" name="test_update_nonexistent_teacher" time="0.115" /><testcase classname="backend.tests.test_teachers.TestTeachersAPIDelete" name="test_delete_teacher" time="0.385" /><testcase classname="backend.tests.test_teachers.TestTeachersAPIDelete" name="test_delete_nonexistent_teacher" time="0.110" /><testcase classname="backend.tests.test_teachers.TestDashboardStats" name="test_dashboard_stats_includes_teachers_count" time="0.120" /><testcase classname="backend.tests.test_teachers.TestAdminLogin" name="test_admin_login_success" time="0.210" /><testcase classname="backend.tests.test_teachers.TestAdminLogin" name="test_admin_login_failure" time="0.736" /></testsuite></testsuites>